<?xml version="1.0" encoding="UTF-8" ?>
<testsuite tests="9" failures="0" name="TransformationsTest" time="0.096" errors="0" skipped="0">
  <properties>
[...]
</properties>
  <testcase classname="TransformationsTest" name="zmienLiczbyNaSlowa" time="0.042"/>
  <testcase classname="TransformationsTest" name="pierwszeWielkie" time="0.004"/>
  <testcase classname="TransformationsTest" name="klikaNaRaz" time="0.018"/>
  <testcase classname="TransformationsTest" name="rozwinSkrotTest" time="0.003"/>
  <testcase classname="TransformationsTest" name="zmienLiczbyNaSlowa2" time="0.01"/>
  <testcase classname="TransformationsTest" name="zmienLiczbyNaSlowa3" time="0.01"/>
  <testcase classname="TransformationsTest" name="wszystkieWielkie" time="0.003"/>
  <testcase classname="TransformationsTest" name="wszystkieMale" time="0.002"/>
  <testcase classname="TransformationsTest" name="zwinSkrot" time="0.004"/>
</testsuite>