<?xml version="1.0" encoding="UTF-8" ?>
<testsuite tests="6" failures="0" name="FeaturesTest" time="0.02" errors="0" skipped="0">
  <properties>
[...]
</properties>
  <testcase classname="FeaturesTest" name="zmienLiczbyNaSlowa" time="0.01"/>
  <testcase classname="FeaturesTest" name="pierwszeWielkie" time="0"/>
  <testcase classname="FeaturesTest" name="rozwinSkrotTest" time="0.005"/>
  <testcase classname="FeaturesTest" name="wszystkieWielkie" time="0"/>
  <testcase classname="FeaturesTest" name="wszystkieMale" time="0"/>
  <testcase classname="FeaturesTest" name="zwinSkrot" time="0.005"/>
</testsuite>